  Atlas.c
C:\Users\User1\source\repos\TileMapRendererExperiments\Engine\stb\stb_image_write.h(741,84): warning C4047: 'function': 'const size_t' differs in levels of indirection from 'char [49]'
C:\Users\User1\source\repos\TileMapRendererExperiments\Engine\stb\stb_image_write.h(741,31): warning C4024: 'sprintf_s': different types for formal and actual parameter 2
C:\Users\User1\source\repos\TileMapRendererExperiments\Engine\stb\stb_image_write.h(741,87): warning C4047: 'function': 'const char *const ' differs in levels of indirection from 'int'
C:\Users\User1\source\repos\TileMapRendererExperiments\Engine\stb\stb_image_write.h(741,86): warning C4024: 'sprintf_s': different types for formal and actual parameter 3
C:\Users\User1\source\repos\TileMapRendererExperiments\Engine\Atlas.c(51,55): warning C4018: '<': signed/unsigned mismatch
C:\Users\User1\source\repos\TileMapRendererExperiments\Engine\Atlas.c(56,20): warning C4018: '<': signed/unsigned mismatch
C:\Users\User1\source\repos\TileMapRendererExperiments\Engine\Atlas.c(121,20): warning C4090: 'function': different 'const' qualifiers
C:\Users\User1\source\repos\TileMapRendererExperiments\Engine\Atlas.c(184,19): warning C4244: 'initializing': conversion from 'float' to 'int', possible loss of data
C:\Users\User1\source\repos\TileMapRendererExperiments\Engine\Atlas.c(222,11): warning C4244: 'function': conversion from 'float' to 'FT_F26Dot6', possible loss of data
C:\Users\User1\source\repos\TileMapRendererExperiments\Engine\Atlas.c(223,11): warning C4244: 'function': conversion from 'float' to 'FT_F26Dot6', possible loss of data
C:\Users\User1\source\repos\TileMapRendererExperiments\Engine\Atlas.c(271,44): warning C4244: '=': conversion from 'FT_Int' to 'float', possible loss of data
C:\Users\User1\source\repos\TileMapRendererExperiments\Engine\Atlas.c(272,44): warning C4244: '=': conversion from 'FT_Int' to 'float', possible loss of data
C:\Users\User1\source\repos\TileMapRendererExperiments\Engine\Atlas.c(340,20): warning C4018: '<': signed/unsigned mismatch
C:\Users\User1\source\repos\TileMapRendererExperiments\Engine\Atlas.c(443,21): warning C4018: '<': signed/unsigned mismatch
C:\Users\User1\source\repos\TileMapRendererExperiments\Engine\Atlas.c(456,22): warning C4018: '<': signed/unsigned mismatch
C:\Users\User1\source\repos\TileMapRendererExperiments\Engine\Atlas.c(500,20): warning C4018: '<': signed/unsigned mismatch
C:\Users\User1\source\repos\TileMapRendererExperiments\Engine\Atlas.c(505,20): warning C4018: '<': signed/unsigned mismatch
C:\Users\User1\source\repos\TileMapRendererExperiments\Engine\Atlas.c(522,20): warning C4018: '<': signed/unsigned mismatch
C:\Users\User1\source\repos\TileMapRendererExperiments\Engine\Atlas.c(531,20): warning C4018: '<': signed/unsigned mismatch
C:\Users\User1\source\repos\TileMapRendererExperiments\Engine\Atlas.c(564,47): warning C4267: 'function': conversion from 'size_t' to 'int', possible loss of data
C:\Users\User1\source\repos\TileMapRendererExperiments\Engine\Atlas.c(566,55): warning C4267: 'function': conversion from 'size_t' to 'int', possible loss of data
C:\Users\User1\source\repos\TileMapRendererExperiments\Engine\Atlas.c(573,21): warning C4018: '<': signed/unsigned mismatch
C:\Users\User1\source\repos\TileMapRendererExperiments\Engine\Atlas.c(579,21): warning C4018: '<': signed/unsigned mismatch
C:\Users\User1\source\repos\TileMapRendererExperiments\Engine\Atlas.c(619,1): warning C4005: 'ATLAS_HANDLE_BOUNDS_CHECK': macro redefinition
C:\Users\User1\source\repos\TileMapRendererExperiments\Engine\Atlas.c(610,1): message : see previous definition of 'ATLAS_HANDLE_BOUNDS_CHECK'
C:\Users\User1\source\repos\TileMapRendererExperiments\Engine\Atlas.c(635,2): warning C4003: not enough arguments for function-like macro invocation 'ATLAS_HANDLE_BOUNDS_CHECK'
C:\Users\User1\source\repos\TileMapRendererExperiments\Engine\Atlas.c(635,2): warning C4018: '<': signed/unsigned mismatch
C:\Users\User1\source\repos\TileMapRendererExperiments\Engine\Atlas.c(638,20): warning C4018: '<': signed/unsigned mismatch
C:\Users\User1\source\repos\TileMapRendererExperiments\Engine\Atlas.c(644,22): warning C4090: 'function': different 'const' qualifiers
C:\Users\User1\source\repos\TileMapRendererExperiments\Engine\Atlas.c(652,20): warning C4018: '<': signed/unsigned mismatch
C:\Users\User1\source\repos\TileMapRendererExperiments\Engine\Atlas.c(662,23): warning C4090: 'function': different 'const' qualifiers
C:\Users\User1\source\repos\TileMapRendererExperiments\Engine\Atlas.c(680,2): warning C4003: not enough arguments for function-like macro invocation 'ATLAS_HANDLE_BOUNDS_CHECK'
C:\Users\User1\source\repos\TileMapRendererExperiments\Engine\Atlas.c(680,2): warning C4018: '<': signed/unsigned mismatch
C:\Users\User1\source\repos\TileMapRendererExperiments\Engine\Atlas.c(680,2): warning C4033: 'At_FindSprite' must return a value
C:\Users\User1\source\repos\TileMapRendererExperiments\Engine\Atlas.c(682,20): warning C4018: '<': signed/unsigned mismatch
C:\Users\User1\source\repos\TileMapRendererExperiments\Engine\Atlas.c(694,2): warning C4018: '<': signed/unsigned mismatch
C:\Users\User1\source\repos\TileMapRendererExperiments\Engine\Atlas.c(696,27): warning C4018: '>=': signed/unsigned mismatch
C:\Users\User1\source\repos\TileMapRendererExperiments\Engine\Atlas.c(706,2): warning C4018: '<': signed/unsigned mismatch
C:\Users\User1\source\repos\TileMapRendererExperiments\Engine\Atlas.c(713,2): warning C4018: '<': signed/unsigned mismatch
C:\Users\User1\source\repos\TileMapRendererExperiments\Engine\Atlas.c(713,2): warning C4047: 'return': 'HFont' differs in levels of indirection from 'void *'
C:\Users\User1\source\repos\TileMapRendererExperiments\Engine\Atlas.c(717,20): warning C4018: '<': signed/unsigned mismatch
C:\Users\User1\source\repos\TileMapRendererExperiments\Engine\Atlas.c(735,53): warning C4244: 'return': conversion from 'int' to 'float', possible loss of data
C:\Users\User1\source\repos\TileMapRendererExperiments\Engine\Atlas.c(740,53): warning C4244: 'return': conversion from 'int' to 'float', possible loss of data
C:\Users\User1\source\repos\TileMapRendererExperiments\Engine\Atlas.c(746,2): warning C4018: '<': signed/unsigned mismatch
C:\Users\User1\source\repos\TileMapRendererExperiments\Engine\Atlas.c(747,2): warning C4018: '<': signed/unsigned mismatch
C:\Users\User1\source\repos\TileMapRendererExperiments\Engine\Atlas.c(766,2): warning C4018: '<': signed/unsigned mismatch
C:\Users\User1\source\repos\TileMapRendererExperiments\Engine\Atlas.c(767,2): warning C4018: '<': signed/unsigned mismatch
C:\Users\User1\source\repos\TileMapRendererExperiments\Engine\Atlas.c(803,2): warning C4018: '<': signed/unsigned mismatch
C:\Users\User1\source\repos\TileMapRendererExperiments\Engine\Atlas.c(804,2): warning C4018: '<': signed/unsigned mismatch
C:\Users\User1\source\repos\TileMapRendererExperiments\Engine\Atlas.c(811,2): warning C4018: '<': signed/unsigned mismatch
C:\Users\User1\source\repos\TileMapRendererExperiments\Engine\Atlas.c(812,2): warning C4018: '<': signed/unsigned mismatch
C:\Users\User1\source\repos\TileMapRendererExperiments\Engine\Atlas.c(834,2): warning C4018: '<': signed/unsigned mismatch
C:\Users\User1\source\repos\TileMapRendererExperiments\Engine\Atlas.c(835,2): warning C4018: '<': signed/unsigned mismatch
C:\Users\User1\source\repos\TileMapRendererExperiments\Engine\Atlas.c(848,2): warning C4018: '<': signed/unsigned mismatch
C:\Users\User1\source\repos\TileMapRendererExperiments\Engine\Atlas.c(849,2): warning C4018: '<': signed/unsigned mismatch
  BackgroundBoxWidget.c
C:\Users\User1\source\repos\TileMapRendererExperiments\Engine\ObjectPool.h(43,1): warning C4005: 'OBJ_POOL_BOUNDS_CHECK': macro redefinition
C:\Users\User1\source\repos\TileMapRendererExperiments\Engine\ObjectPool.h(34,1): message : see previous definition of 'OBJ_POOL_BOUNDS_CHECK'
C:\Users\User1\source\repos\TileMapRendererExperiments\Engine\BackgroundBoxWidget.c(312,54): warning C4090: 'function': different 'const' qualifiers
C:\Users\User1\source\repos\TileMapRendererExperiments\Engine\BackgroundBoxWidget.c(312,73): warning C4090: 'function': different 'const' qualifiers
C:\Users\User1\source\repos\TileMapRendererExperiments\Engine\BackgroundBoxWidget.c(337,31): warning C4244: '=': conversion from 'double' to 'float', possible loss of data
C:\Users\User1\source\repos\TileMapRendererExperiments\Engine\BackgroundBoxWidget.c(341,31): warning C4244: '=': conversion from 'double' to 'float', possible loss of data
C:\Users\User1\source\repos\TileMapRendererExperiments\Engine\BackgroundBoxWidget.c(358,17): warning C4267: 'initializing': conversion from 'size_t' to 'int', possible loss of data
C:\Users\User1\source\repos\TileMapRendererExperiments\Engine\BackgroundBoxWidget.c(359,20): warning C4267: 'initializing': conversion from 'size_t' to 'int', possible loss of data
  cJSON.c
  CtorDtor.c
  DrawContext.c
C:\Users\User1\source\repos\TileMapRendererExperiments\Engine\ObjectPool.h(43,1): warning C4005: 'OBJ_POOL_BOUNDS_CHECK': macro redefinition
C:\Users\User1\source\repos\TileMapRendererExperiments\Engine\ObjectPool.h(34,1): message : see previous definition of 'OBJ_POOL_BOUNDS_CHECK'
C:\Users\User1\source\repos\TileMapRendererExperiments\Engine\DrawContext.c(130,20): warning C4267: '=': conversion from 'size_t' to 'int', possible loss of data
C:\Users\User1\source\repos\TileMapRendererExperiments\Engine\DrawContext.c(144,8): warning C4090: 'initializing': different 'const' qualifiers
C:\Users\User1\source\repos\TileMapRendererExperiments\Engine\DrawContext.c(145,8): warning C4090: 'initializing': different 'const' qualifiers
C:\Users\User1\source\repos\TileMapRendererExperiments\Engine\DrawContext.c(184,93): warning C4022: 'glad_glVertexAttribPointer': pointer mismatch for actual parameter 6
C:\Users\User1\source\repos\TileMapRendererExperiments\Engine\DrawContext.c(186,93): warning C4022: 'glad_glVertexAttribPointer': pointer mismatch for actual parameter 6
C:\Users\User1\source\repos\TileMapRendererExperiments\Engine\DrawContext.c(207,32): warning C4267: 'function': conversion from 'size_t' to 'GLsizei', possible loss of data
C:\Users\User1\source\repos\TileMapRendererExperiments\Engine\DrawContext.c(256,18): warning C4244: 'function': conversion from 'int' to 'float', possible loss of data
C:\Users\User1\source\repos\TileMapRendererExperiments\Engine\DrawContext.c(256,24): warning C4244: 'function': conversion from 'int' to 'float', possible loss of data
  DynArray.c
  FileHelpers.c
  FloatingPointLib.c
C:\Users\User1\source\repos\TileMapRendererExperiments\Engine\FloatingPointLib.c(5,11): warning C4305: 'initializing': truncation from 'double' to 'float'
  GameFramework.c
C:\Users\User1\source\repos\TileMapRendererExperiments\Engine\GameFramework.c(71,20): warning C4018: '<': signed/unsigned mismatch
C:\Users\User1\source\repos\TileMapRendererExperiments\Engine\GameFramework.c(125,34): warning C4018: '<': signed/unsigned mismatch
C:\Users\User1\source\repos\TileMapRendererExperiments\Engine\GameFramework.c(133,33): warning C4018: '<': signed/unsigned mismatch
C:\Users\User1\source\repos\TileMapRendererExperiments\Engine\GameFramework.c(141,32): warning C4018: '<': signed/unsigned mismatch
C:\Users\User1\source\repos\TileMapRendererExperiments\Engine\GameFramework.c(149,20): warning C4018: '<': signed/unsigned mismatch
  Geometry.c
  glad.c
  ImageFileRegstry.c
C:\Users\User1\source\repos\TileMapRendererExperiments\Engine\ImageFileRegstry.c(33,23): warning C4018: '<': signed/unsigned mismatch
C:\Users\User1\source\repos\TileMapRendererExperiments\Engine\ImageFileRegstry.c(45,16): warning C4018: '>=': signed/unsigned mismatch
C:\Users\User1\source\repos\TileMapRendererExperiments\Engine\ImageFileRegstry.c(55,13): warning C4018: '>=': signed/unsigned mismatch
C:\Users\User1\source\repos\TileMapRendererExperiments\Engine\ImageFileRegstry.c(66,31): warning C4018: '<': signed/unsigned mismatch
C:\Users\User1\source\repos\TileMapRendererExperiments\Engine\ImageFileRegstry.c(69,37): warning C4090: 'function': different 'const' qualifiers
C:\Users\User1\source\repos\TileMapRendererExperiments\Engine\ImageFileRegstry.c(81,16): warning C4018: '>=': signed/unsigned mismatch
C:\Users\User1\source\repos\TileMapRendererExperiments\Engine\ImageFileRegstry.c(92,16): warning C4018: '>=': signed/unsigned mismatch
C:\Users\User1\source\repos\TileMapRendererExperiments\Engine\ImageFileRegstry.c(152,23): warning C4018: '<': signed/unsigned mismatch
  InputContext.c
C:\Users\User1\source\repos\TileMapRendererExperiments\Engine\InputContext.c(51,75): warning C4334: '<<': result of 32-bit shift implicitly converted to 64 bits (was 64-bit shift intended?)
C:\Users\User1\source\repos\TileMapRendererExperiments\Engine\InputContext.c(73,56): warning C4334: '<<': result of 32-bit shift implicitly converted to 64 bits (was 64-bit shift intended?)
C:\Users\User1\source\repos\TileMapRendererExperiments\Engine\InputContext.c(92,72): warning C4334: '<<': result of 32-bit shift implicitly converted to 64 bits (was 64-bit shift intended?)
C:\Users\User1\source\repos\TileMapRendererExperiments\Engine\InputContext.c(120,62): warning C4334: '<<': result of 32-bit shift implicitly converted to 64 bits (was 64-bit shift intended?)
C:\Users\User1\source\repos\TileMapRendererExperiments\Engine\InputContext.c(155,22): warning C4090: 'function': different 'const' qualifiers
C:\Users\User1\source\repos\TileMapRendererExperiments\Engine\InputContext.c(156,22): warning C4090: 'function': different 'const' qualifiers
C:\Users\User1\source\repos\TileMapRendererExperiments\Engine\InputContext.c(180,22): warning C4090: 'function': different 'const' qualifiers
C:\Users\User1\source\repos\TileMapRendererExperiments\Engine\InputContext.c(215,22): warning C4090: 'function': different 'const' qualifiers
C:\Users\User1\source\repos\TileMapRendererExperiments\Engine\InputContext.c(250,22): warning C4090: 'function': different 'const' qualifiers
  main.c
C:\Users\User1\source\repos\TileMapRendererExperiments\Engine\ObjectPool.h(43,1): warning C4005: 'OBJ_POOL_BOUNDS_CHECK': macro redefinition
C:\Users\User1\source\repos\TileMapRendererExperiments\Engine\ObjectPool.h(34,1): message : see previous definition of 'OBJ_POOL_BOUNDS_CHECK'
  ObjectPool.c
C:\Users\User1\source\repos\TileMapRendererExperiments\Engine\ObjectPool.h(43,1): warning C4005: 'OBJ_POOL_BOUNDS_CHECK': macro redefinition
C:\Users\User1\source\repos\TileMapRendererExperiments\Engine\ObjectPool.h(34,1): message : see previous definition of 'OBJ_POOL_BOUNDS_CHECK'
C:\Users\User1\source\repos\TileMapRendererExperiments\Engine\ObjectPool.c(13,32): warning C4033: 'InitObjectPool' must return a value
C:\Users\User1\source\repos\TileMapRendererExperiments\Engine\ObjectPool.c(31,25): warning C4244: 'initializing': conversion from 'i64' to 'int', possible loss of data
C:\Users\User1\source\repos\TileMapRendererExperiments\Engine\ObjectPool.c(55,45): warning C4244: '=': conversion from 'u64' to 'int', possible loss of data
C:\Users\User1\source\repos\TileMapRendererExperiments\Engine\ObjectPool.c(64,3): warning C4013: 'printf' undefined; assuming extern returning int
  RadioButtonWidget.c
C:\Users\User1\source\repos\TileMapRendererExperiments\Engine\ObjectPool.h(43,1): warning C4005: 'OBJ_POOL_BOUNDS_CHECK': macro redefinition
C:\Users\User1\source\repos\TileMapRendererExperiments\Engine\ObjectPool.h(34,1): message : see previous definition of 'OBJ_POOL_BOUNDS_CHECK'
C:\Users\User1\source\repos\TileMapRendererExperiments\Engine\RadioButtonWidget.c(37,21): warning C4244: 'return': conversion from 'int' to 'float', possible loss of data
C:\Users\User1\source\repos\TileMapRendererExperiments\Engine\RadioButtonWidget.c(44,21): warning C4244: 'return': conversion from 'int' to 'float', possible loss of data
C:\Users\User1\source\repos\TileMapRendererExperiments\Engine\RadioButtonWidget.c(293,36): warning C4244: '=': conversion from 'double' to 'float', possible loss of data
C:\Users\User1\source\repos\TileMapRendererExperiments\Engine\RadioButtonWidget.c(263,19): warning C4267: 'initializing': conversion from 'size_t' to 'int', possible loss of data
C:\Users\User1\source\repos\TileMapRendererExperiments\Engine\RadioButtonWidget.c(321,69): warning C4113: 'void (__cdecl *)(UIWidget *,float,float)' differs in parameter lists from 'WidgetMouseBtnCallbackFn'
C:\Users\User1\source\repos\TileMapRendererExperiments\Engine\RadioButtonWidget.c(324,68): warning C4113: 'void (__cdecl *)(UIWidget *,float,float)' differs in parameter lists from 'WidgetMouseBtnCallbackFn'
  RadioGroupWidget.c
C:\Users\User1\source\repos\TileMapRendererExperiments\Engine\ObjectPool.h(43,1): warning C4005: 'OBJ_POOL_BOUNDS_CHECK': macro redefinition
C:\Users\User1\source\repos\TileMapRendererExperiments\Engine\ObjectPool.h(34,1): message : see previous definition of 'OBJ_POOL_BOUNDS_CHECK'
C:\Users\User1\source\repos\TileMapRendererExperiments\Engine\RadioGroupWidget.c(102,47): warning C4090: 'function': different 'const' qualifiers
C:\Users\User1\source\repos\TileMapRendererExperiments\Engine\RadioGroupWidget.c(102,62): warning C4090: 'function': different 'const' qualifiers
C:\Users\User1\source\repos\TileMapRendererExperiments\Engine\RadioGroupWidget.c(114,19): warning C4267: 'initializing': conversion from 'size_t' to 'int', possible loss of data
C:\Users\User1\source\repos\TileMapRendererExperiments\Engine\RadioGroupWidget.c(156,69): warning C4113: 'void (__cdecl *)(UIWidget *,float,float)' differs in parameter lists from 'WidgetMouseBtnCallbackFn'
C:\Users\User1\source\repos\TileMapRendererExperiments\Engine\RadioGroupWidget.c(159,68): warning C4113: 'void (__cdecl *)(UIWidget *,float,float)' differs in parameter lists from 'WidgetMouseBtnCallbackFn'
  RootWidget.c
C:\Users\User1\source\repos\TileMapRendererExperiments\Engine\ObjectPool.h(43,1): warning C4005: 'OBJ_POOL_BOUNDS_CHECK': macro redefinition
C:\Users\User1\source\repos\TileMapRendererExperiments\Engine\ObjectPool.h(34,1): message : see previous definition of 'OBJ_POOL_BOUNDS_CHECK'
C:\Users\User1\source\repos\TileMapRendererExperiments\Engine\RootWidget.c(9,63): warning C4244: 'return': conversion from 'int' to 'float', possible loss of data
C:\Users\User1\source\repos\TileMapRendererExperiments\Engine\RootWidget.c(14,63): warning C4244: 'return': conversion from 'int' to 'float', possible loss of data
  Scripting.c
C:\Users\User1\source\repos\TileMapRendererExperiments\Engine\ObjectPool.h(43,1): warning C4005: 'OBJ_POOL_BOUNDS_CHECK': macro redefinition
C:\Users\User1\source\repos\TileMapRendererExperiments\Engine\ObjectPool.h(34,1): message : see previous definition of 'OBJ_POOL_BOUNDS_CHECK'
C:\Users\User1\source\repos\TileMapRendererExperiments\Engine\Scripting.c(45,17): warning C4090: 'function': different 'const' qualifiers
C:\Users\User1\source\repos\TileMapRendererExperiments\Engine\Scripting.c(51,15): warning C4090: 'function': different 'const' qualifiers
C:\Users\User1\source\repos\TileMapRendererExperiments\Engine\Scripting.c(209,2): warning C4002: too many arguments for function-like macro invocation 'EASSERT'
C:\Users\User1\source\repos\TileMapRendererExperiments\Engine\Scripting.c(210,9): warning C4244: 'return': conversion from 'lua_Integer' to 'int', possible loss of data
  SharedPtr.c
  Compiling...
  SliderWidget.c
C:\Users\User1\source\repos\TileMapRendererExperiments\Engine\ObjectPool.h(43,1): warning C4005: 'OBJ_POOL_BOUNDS_CHECK': macro redefinition
C:\Users\User1\source\repos\TileMapRendererExperiments\Engine\ObjectPool.h(34,1): message : see previous definition of 'OBJ_POOL_BOUNDS_CHECK'
C:\Users\User1\source\repos\TileMapRendererExperiments\Engine\SliderWidget.c(104,23): warning C4244: 'initializing': conversion from 'int' to 'float', possible loss of data
C:\Users\User1\source\repos\TileMapRendererExperiments\Engine\SliderWidget.c(104,52): warning C4244: 'initializing': conversion from 'int' to 'float', possible loss of data
C:\Users\User1\source\repos\TileMapRendererExperiments\Engine\SliderWidget.c(105,43): warning C4244: 'initializing': conversion from 'int' to 'float', possible loss of data
C:\Users\User1\source\repos\TileMapRendererExperiments\Engine\SliderWidget.c(134,32): warning C4244: 'initializing': conversion from 'int' to 'float', possible loss of data
C:\Users\User1\source\repos\TileMapRendererExperiments\Engine\SliderWidget.c(134,43): warning C4244: 'initializing': conversion from 'int' to 'float', possible loss of data
C:\Users\User1\source\repos\TileMapRendererExperiments\Engine\SliderWidget.c(135,39): warning C4244: 'initializing': conversion from 'int' to 'float', possible loss of data
C:\Users\User1\source\repos\TileMapRendererExperiments\Engine\SliderWidget.c(300,32): warning C4244: '=': conversion from 'double' to 'float', possible loss of data
C:\Users\User1\source\repos\TileMapRendererExperiments\Engine\SliderWidget.c(304,32): warning C4244: '=': conversion from 'double' to 'float', possible loss of data
C:\Users\User1\source\repos\TileMapRendererExperiments\Engine\SliderWidget.c(326,19): warning C4267: 'initializing': conversion from 'size_t' to 'int', possible loss of data
C:\Users\User1\source\repos\TileMapRendererExperiments\Engine\SliderWidget.c(408,69): warning C4113: 'void (__cdecl *)(UIWidget *,float,float)' differs in parameter lists from 'WidgetMouseBtnCallbackFn'
C:\Users\User1\source\repos\TileMapRendererExperiments\Engine\SliderWidget.c(411,68): warning C4113: 'void (__cdecl *)(UIWidget *,float,float)' differs in parameter lists from 'WidgetMouseBtnCallbackFn'
  StackPanelWidget.c
C:\Users\User1\source\repos\TileMapRendererExperiments\Engine\ObjectPool.h(43,1): warning C4005: 'OBJ_POOL_BOUNDS_CHECK': macro redefinition
C:\Users\User1\source\repos\TileMapRendererExperiments\Engine\ObjectPool.h(34,1): message : see previous definition of 'OBJ_POOL_BOUNDS_CHECK'
C:\Users\User1\source\repos\TileMapRendererExperiments\Engine\StackPanelWidget.c(11,22): warning C4267: 'initializing': conversion from 'size_t' to 'int', possible loss of data
C:\Users\User1\source\repos\TileMapRendererExperiments\Engine\StackPanelWidget.c(176,23): warning C4244: '=': conversion from 'double' to 'float', possible loss of data
  StaticWidget.c
C:\Users\User1\source\repos\TileMapRendererExperiments\Engine\ObjectPool.h(43,1): warning C4005: 'OBJ_POOL_BOUNDS_CHECK': macro redefinition
C:\Users\User1\source\repos\TileMapRendererExperiments\Engine\ObjectPool.h(34,1): message : see previous definition of 'OBJ_POOL_BOUNDS_CHECK'
C:\Users\User1\source\repos\TileMapRendererExperiments\Engine\StaticWidget.c(43,23): warning C4244: 'initializing': conversion from 'int' to 'float', possible loss of data
C:\Users\User1\source\repos\TileMapRendererExperiments\Engine\StaticWidget.c(44,24): warning C4244: 'initializing': conversion from 'int' to 'float', possible loss of data
C:\Users\User1\source\repos\TileMapRendererExperiments\Engine\StaticWidget.c(83,32): warning C4244: '=': conversion from 'double' to 'float', possible loss of data
C:\Users\User1\source\repos\TileMapRendererExperiments\Engine\StaticWidget.c(87,32): warning C4244: '=': conversion from 'double' to 'float', possible loss of data
  TextButtonWidget.c
C:\Users\User1\source\repos\TileMapRendererExperiments\Engine\ObjectPool.h(43,1): warning C4005: 'OBJ_POOL_BOUNDS_CHECK': macro redefinition
C:\Users\User1\source\repos\TileMapRendererExperiments\Engine\ObjectPool.h(34,1): message : see previous definition of 'OBJ_POOL_BOUNDS_CHECK'
C:\Users\User1\source\repos\TileMapRendererExperiments\Engine\TextButtonWidget.c(184,69): warning C4113: 'void (__cdecl *)(UIWidget *,float,float)' differs in parameter lists from 'WidgetMouseBtnCallbackFn'
C:\Users\User1\source\repos\TileMapRendererExperiments\Engine\TextButtonWidget.c(210,22): warning C4267: 'initializing': conversion from 'size_t' to 'int', possible loss of data
  TextWidget.c
C:\Users\User1\source\repos\TileMapRendererExperiments\Engine\ObjectPool.h(43,1): warning C4005: 'OBJ_POOL_BOUNDS_CHECK': macro redefinition
C:\Users\User1\source\repos\TileMapRendererExperiments\Engine\ObjectPool.h(34,1): message : see previous definition of 'OBJ_POOL_BOUNDS_CHECK'
C:\Users\User1\source\repos\TileMapRendererExperiments\Engine\TextWidget.c(157,10): warning C4267: 'initializing': conversion from 'size_t' to 'int', possible loss of data
  Widget.c
C:\Users\User1\source\repos\TileMapRendererExperiments\Engine\ObjectPool.h(43,1): warning C4005: 'OBJ_POOL_BOUNDS_CHECK': macro redefinition
C:\Users\User1\source\repos\TileMapRendererExperiments\Engine\ObjectPool.h(34,1): message : see previous definition of 'OBJ_POOL_BOUNDS_CHECK'
C:\Users\User1\source\repos\TileMapRendererExperiments\Engine\Widget.c(14,1): warning C4005: 'WIDGET_POOL_BOUNDS_CHECK': macro redefinition
C:\Users\User1\source\repos\TileMapRendererExperiments\Engine\Widget.c(13,1): message : see previous definition of 'WIDGET_POOL_BOUNDS_CHECK'
C:\Users\User1\source\repos\TileMapRendererExperiments\Engine\Widget.c(51,2): warning C4002: too many arguments for function-like macro invocation 'WIDGET_POOL_BOUNDS_CHECK'
C:\Users\User1\source\repos\TileMapRendererExperiments\Engine\Widget.c(51,2): warning C4033: 'UI_CountWidgetChildren' must return a value
C:\Users\User1\source\repos\TileMapRendererExperiments\Engine\Widget.c(128,12): warning C4267: 'initializing': conversion from 'size_t' to 'int', possible loss of data
C:\Users\User1\source\repos\TileMapRendererExperiments\Engine\Widget.c(144,16): warning C4267: 'initializing': conversion from 'size_t' to 'int', possible loss of data
C:\Users\User1\source\repos\TileMapRendererExperiments\Engine\Widget.c(151,23): warning C4267: 'initializing': conversion from 'size_t' to 'int', possible loss of data
C:\Users\User1\source\repos\TileMapRendererExperiments\Engine\Widget.c(156,22): warning C4267: 'initializing': conversion from 'size_t' to 'int', possible loss of data
C:\Users\User1\source\repos\TileMapRendererExperiments\Engine\Widget.c(183,12): warning C4267: 'initializing': conversion from 'size_t' to 'int', possible loss of data
C:\Users\User1\source\repos\TileMapRendererExperiments\Engine\Widget.c(209,12): warning C4267: 'initializing': conversion from 'size_t' to 'int', possible loss of data
C:\Users\User1\source\repos\TileMapRendererExperiments\Engine\Widget.c(241,19): warning C4267: 'initializing': conversion from 'size_t' to 'int', possible loss of data
C:\Users\User1\source\repos\TileMapRendererExperiments\Engine\Widget.c(249,17): warning C4267: 'initializing': conversion from 'size_t' to 'int', possible loss of data
C:\Users\User1\source\repos\TileMapRendererExperiments\Engine\Widget.c(250,16): warning C4267: 'initializing': conversion from 'size_t' to 'int', possible loss of data
C:\Users\User1\source\repos\TileMapRendererExperiments\Engine\Widget.c(311,19): warning C4267: 'initializing': conversion from 'size_t' to 'int', possible loss of data
C:\Users\User1\source\repos\TileMapRendererExperiments\Engine\Widget.c(316,17): warning C4267: 'initializing': conversion from 'size_t' to 'int', possible loss of data
C:\Users\User1\source\repos\TileMapRendererExperiments\Engine\Widget.c(317,16): warning C4267: 'initializing': conversion from 'size_t' to 'int', possible loss of data
  WidgetVertexOutputHelpers.c
C:\Users\User1\source\repos\TileMapRendererExperiments\Engine\ObjectPool.h(43,1): warning C4005: 'OBJ_POOL_BOUNDS_CHECK': macro redefinition
C:\Users\User1\source\repos\TileMapRendererExperiments\Engine\ObjectPool.h(34,1): message : see previous definition of 'OBJ_POOL_BOUNDS_CHECK'
C:\Users\User1\source\repos\TileMapRendererExperiments\Engine\WidgetVertexOutputHelpers.c(17,19): warning C4244: 'initializing': conversion from 'int' to 'float', possible loss of data
C:\Users\User1\source\repos\TileMapRendererExperiments\Engine\WidgetVertexOutputHelpers.c(17,35): warning C4244: 'initializing': conversion from 'int' to 'float', possible loss of data
C:\Users\User1\source\repos\TileMapRendererExperiments\Engine\WidgetVertexOutputHelpers.c(78,53): warning C4090: 'function': different 'const' qualifiers
  XMLHelpers.c
C:\Users\User1\source\repos\TileMapRendererExperiments\Engine\XMLHelpers.c(26,12): warning C4267: 'initializing': conversion from 'size_t' to 'int', possible loss of data
  XMLUIGameLayer.c
C:\Users\User1\source\repos\TileMapRendererExperiments\Engine\ObjectPool.h(43,1): warning C4005: 'OBJ_POOL_BOUNDS_CHECK': macro redefinition
C:\Users\User1\source\repos\TileMapRendererExperiments\Engine\ObjectPool.h(34,1): message : see previous definition of 'OBJ_POOL_BOUNDS_CHECK'
C:\Users\User1\source\repos\TileMapRendererExperiments\Engine\XMLUIGameLayer.c(160,20): warning C4018: '<': signed/unsigned mismatch
C:\Users\User1\source\repos\TileMapRendererExperiments\Engine\XMLUIGameLayer.c(195,20): warning C4018: '<': signed/unsigned mismatch
C:\Users\User1\source\repos\TileMapRendererExperiments\Engine\XMLUIGameLayer.c(199,21): warning C4018: '<': signed/unsigned mismatch
C:\Users\User1\source\repos\TileMapRendererExperiments\Engine\XMLUIGameLayer.c(218,20): warning C4018: '<': signed/unsigned mismatch
C:\Users\User1\source\repos\TileMapRendererExperiments\Engine\XMLUIGameLayer.c(222,21): warning C4018: '<': signed/unsigned mismatch
C:\Users\User1\source\repos\TileMapRendererExperiments\Engine\XMLUIGameLayer.c(256,20): warning C4018: '<': signed/unsigned mismatch
C:\Users\User1\source\repos\TileMapRendererExperiments\Engine\XMLUIGameLayer.c(262,20): warning C4018: '<': signed/unsigned mismatch
C:\Users\User1\source\repos\TileMapRendererExperiments\Engine\XMLUIGameLayer.c(268,20): warning C4018: '<': signed/unsigned mismatch
C:\Users\User1\source\repos\TileMapRendererExperiments\Engine\XMLUIGameLayer.c(172,11): warning C4101: 'h': unreferenced local variable
C:\Users\User1\source\repos\TileMapRendererExperiments\Engine\XMLUIGameLayer.c(172,8): warning C4101: 'w': unreferenced local variable
C:\Users\User1\source\repos\TileMapRendererExperiments\Engine\XMLUIGameLayer.c(533,17): warning C4244: '=': conversion from 'double' to 'float', possible loss of data
C:\Users\User1\source\repos\TileMapRendererExperiments\Engine\XMLUIGameLayer.c(355,20): warning C4267: 'initializing': conversion from 'size_t' to 'int', possible loss of data
C:\Users\User1\source\repos\TileMapRendererExperiments\Engine\XMLUIGameLayer.c(361,23): warning C4267: 'initializing': conversion from 'size_t' to 'int', possible loss of data
C:\Users\User1\source\repos\TileMapRendererExperiments\Engine\XMLUIGameLayer.c(455,23): warning C4267: 'initializing': conversion from 'size_t' to 'int', possible loss of data
C:\Users\User1\source\repos\TileMapRendererExperiments\Engine\XMLUIGameLayer.c(461,20): warning C4267: 'initializing': conversion from 'size_t' to 'int', possible loss of data
C:\Users\User1\source\repos\TileMapRendererExperiments\Engine\XMLUIGameLayer.c(470,16): warning C4267: 'initializing': conversion from 'size_t' to 'int', possible loss of data
C:\Users\User1\source\repos\TileMapRendererExperiments\Engine\XMLUIGameLayer.c(477,16): warning C4267: 'initializing': conversion from 'size_t' to 'int', possible loss of data
C:\Users\User1\source\repos\TileMapRendererExperiments\Engine\XMLUIGameLayer.c(499,22): warning C4267: 'initializing': conversion from 'size_t' to 'int', possible loss of data
C:\Users\User1\source\repos\TileMapRendererExperiments\Engine\XMLUIGameLayer.c(509,23): warning C4267: 'initializing': conversion from 'size_t' to 'int', possible loss of data
C:\Users\User1\source\repos\TileMapRendererExperiments\Engine\XMLUIGameLayer.c(566,20): warning C4090: 'function': different 'const' qualifiers
C:\Users\User1\source\repos\TileMapRendererExperiments\Engine\XMLUIGameLayer.c(573,18): warning C4090: 'function': different 'const' qualifiers
C:\Users\User1\source\repos\TileMapRendererExperiments\Engine\XMLUIGameLayer.c(590,17): warning C4090: 'function': different 'const' qualifiers
C:\Users\User1\source\repos\TileMapRendererExperiments\Engine\XMLUIGameLayer.c(594,15): warning C4090: 'function': different 'const' qualifiers
C:\Users\User1\source\repos\TileMapRendererExperiments\Engine\XMLUIGameLayer.c(629,21): warning C4267: 'initializing': conversion from 'size_t' to 'int', possible loss of data
C:\Users\User1\source\repos\TileMapRendererExperiments\Engine\XMLUIGameLayer.c(640,18): warning C4267: 'initializing': conversion from 'size_t' to 'int', possible loss of data
C:\Users\User1\source\repos\TileMapRendererExperiments\Engine\XMLUIGameLayer.c(641,18): warning C4267: 'initializing': conversion from 'size_t' to 'int', possible loss of data
C:\Users\User1\source\repos\TileMapRendererExperiments\Engine\XMLUIGameLayer.c(710,29): warning C4090: 'function': different 'const' qualifiers
  xml.c
C:\Users\User1\source\repos\TileMapRendererExperiments\Engine\xml.c(322,1): warning C4005: 'min': macro redefinition
C:\Program Files (x86)\Windows Kits\10\Include\10.0.22000.0\ucrt\stdlib.h(1283,1): message : see previous definition of 'min'
C:\Users\User1\source\repos\TileMapRendererExperiments\Engine\xml.c(323,1): warning C4005: 'max': macro redefinition
C:\Program Files (x86)\Windows Kits\10\Include\10.0.22000.0\ucrt\stdlib.h(1282,1): message : see previous definition of 'max'
C:\Users\User1\source\repos\TileMapRendererExperiments\Engine\xml.c(481,19): warning C4244: '=': conversion from '__int64' to 'int', possible loss of data
     Creating library C:\Users\User1\source\repos\TileMapRendererExperiments\x64\Release\Engine.lib and object C:\Users\User1\source\repos\TileMapRendererExperiments\x64\Release\Engine.exp
  Generating code
  Previous IPDB not found, fall back to full compilation.
C:\Users\User1\source\repos\TileMapRendererExperiments\Engine\ObjectPool.c(23): warning C4715: 'InitObjectPool': not all control paths return a value
C:\Users\User1\source\repos\TileMapRendererExperiments\Engine\Scripting.c(53): warning C4716: 'L_OnPropertyChanged': must return a value
C:\Users\User1\source\repos\TileMapRendererExperiments\Engine\Atlas.c(690): warning C4715: 'At_FindSprite': not all control paths return a value
C:\Users\User1\source\repos\TileMapRendererExperiments\Engine\BackgroundBoxWidget.c(282): warning C4716: 'OnOutputVerts': must return a value
  All 658 functions were compiled because no usable IPDB/IOBJ from previous compilation was found.
  Finished generating code
  Engine.vcxproj -> C:\Users\User1\source\repos\TileMapRendererExperiments\x64\Release\Engine.exe
