C:\Program Files\Microsoft Visual Studio\2022\Community\MSBuild\Microsoft\VC\v170\Microsoft.CppBuild.targets(517,5): warning MSB8028: The intermediate directory (x64\Debug\) contains files shared from another project (TileMapRendererExperiments.vcxproj).  This can lead to incorrect clean and rebuild behavior.
  EditorUi.cpp
C:\Users\User1\source\repos\TileMapRendererExperiments\TileMapRendererExperiments\GameFramework.h(111,2): warning C4091: 'static ': ignored on left of 'GameFramework' when no variable is declared
C:\Users\User1\source\repos\TileMapRendererExperiments\TileMapRendererExperiments\AtlasLoader.h(61): warning C4267: 'return': conversion from 'size_t' to 'u32', possible loss of data
C:\Users\User1\source\repos\TileMapRendererExperiments\TileMapRendererExperiments\GameInput.h(48,18): warning C4099: 'GameInput': type name first seen using 'class' now seen using 'struct'
C:\Users\User1\source\repos\TileMapRendererExperiments\TileMapRendererExperiments\GameInput.h(48,8): message : see declaration of 'GameInput'
C:\Users\User1\source\repos\TileMapRendererExperiments\TileMapRendererExperiments\EditorUi.cpp(66,23): warning C4018: '<': signed/unsigned mismatch
C:\Users\User1\source\repos\TileMapRendererExperiments\TileMapRendererExperiments\EditorUi.cpp(87,27): warning C4018: '<': signed/unsigned mismatch
C:\Users\User1\source\repos\TileMapRendererExperiments\TileMapRendererExperiments\EditorUi.cpp(118,47): warning C4244: '+=': conversion from 'float' to 'int', possible loss of data
C:\Users\User1\source\repos\TileMapRendererExperiments\TileMapRendererExperiments\EditorUi.cpp(136,15): warning C4244: 'initializing': conversion from 'T' to 'int', possible loss of data
          with
          [
              T=float
          ]
C:\Users\User1\source\repos\TileMapRendererExperiments\TileMapRendererExperiments\EditorUi.cpp(137,15): warning C4244: 'initializing': conversion from 'T' to 'int', possible loss of data
          with
          [
              T=float
          ]
C:\Users\User1\source\repos\TileMapRendererExperiments\TileMapRendererExperiments\EditorUi.cpp(147,15): warning C4244: 'initializing': conversion from 'T' to 'int', possible loss of data
          with
          [
              T=float
          ]
C:\Users\User1\source\repos\TileMapRendererExperiments\TileMapRendererExperiments\EditorUi.cpp(148,15): warning C4244: 'initializing': conversion from 'T' to 'int', possible loss of data
          with
          [
              T=float
          ]
C:\Users\User1\source\repos\TileMapRendererExperiments\TileMapRendererExperiments\EditorUi.cpp(230,63): warning C4244: '*=': conversion from 'double' to 'float', possible loss of data
  TileMapRendererExperiments.vcxproj -> C:\Users\User1\source\repos\TileMapRendererExperiments\x64\Debug\Engine.exe
