c:\users\user1\source\repos\tilemaprendererexperiments\engine\x64\debug\vc143.pdb
c:\users\user1\source\repos\tilemaprendererexperiments\engine\x64\debug\vc143.idb
c:\users\user1\source\repos\tilemaprendererexperiments\engine\x64\debug\sharedptr.obj
c:\users\user1\source\repos\tilemaprendererexperiments\engine\x64\debug\scripting.obj
c:\users\user1\source\repos\tilemaprendererexperiments\engine\x64\debug\rootwidget.obj
c:\users\user1\source\repos\tilemaprendererexperiments\engine\x64\debug\radiogroupwidget.obj
c:\users\user1\source\repos\tilemaprendererexperiments\engine\x64\debug\radiobuttonwidget.obj
c:\users\user1\source\repos\tilemaprendererexperiments\engine\x64\debug\objectpool.obj
c:\users\user1\source\repos\tilemaprendererexperiments\engine\x64\debug\main.obj
c:\users\user1\source\repos\tilemaprendererexperiments\engine\x64\debug\inputcontext.obj
c:\users\user1\source\repos\tilemaprendererexperiments\engine\x64\debug\imagefileregstry.obj
c:\users\user1\source\repos\tilemaprendererexperiments\engine\x64\debug\glad.obj
c:\users\user1\source\repos\tilemaprendererexperiments\engine\x64\debug\geometry.obj
c:\users\user1\source\repos\tilemaprendererexperiments\engine\x64\debug\gameframework.obj
c:\users\user1\source\repos\tilemaprendererexperiments\engine\x64\debug\floatingpointlib.obj
c:\users\user1\source\repos\tilemaprendererexperiments\engine\x64\debug\filehelpers.obj
c:\users\user1\source\repos\tilemaprendererexperiments\engine\x64\debug\dynarray.obj
c:\users\user1\source\repos\tilemaprendererexperiments\engine\x64\debug\drawcontext.obj
c:\users\user1\source\repos\tilemaprendererexperiments\engine\x64\debug\ctordtor.obj
c:\users\user1\source\repos\tilemaprendererexperiments\engine\x64\debug\cjson.obj
c:\users\user1\source\repos\tilemaprendererexperiments\engine\x64\debug\backgroundboxwidget.obj
c:\users\user1\source\repos\tilemaprendererexperiments\engine\x64\debug\atlas.obj
c:\users\user1\source\repos\tilemaprendererexperiments\engine\x64\debug\xml.obj
c:\users\user1\source\repos\tilemaprendererexperiments\engine\x64\debug\xmlhelpers.obj
c:\users\user1\source\repos\tilemaprendererexperiments\engine\x64\debug\widgetvertexoutputhelpers.obj
c:\users\user1\source\repos\tilemaprendererexperiments\engine\x64\debug\widget.obj
c:\users\user1\source\repos\tilemaprendererexperiments\engine\x64\debug\textwidget.obj
c:\users\user1\source\repos\tilemaprendererexperiments\engine\x64\debug\textbuttonwidget.obj
c:\users\user1\source\repos\tilemaprendererexperiments\engine\x64\debug\staticwidget.obj
c:\users\user1\source\repos\tilemaprendererexperiments\engine\x64\debug\xmluigamelayer.obj
c:\users\user1\source\repos\tilemaprendererexperiments\engine\x64\debug\stackpanelwidget.obj
c:\users\user1\source\repos\tilemaprendererexperiments\x64\debug\engine.lib
c:\users\user1\source\repos\tilemaprendererexperiments\x64\debug\engine.exp
c:\users\user1\source\repos\tilemaprendererexperiments\x64\debug\engine.exe
c:\users\user1\source\repos\tilemaprendererexperiments\engine\x64\debug\engine.ilk
c:\users\user1\source\repos\tilemaprendererexperiments\x64\debug\engine.pdb
c:\users\user1\source\repos\tilemaprendererexperiments\engine\x64\debug\engine.tlog\cl.command.1.tlog
c:\users\user1\source\repos\tilemaprendererexperiments\engine\x64\debug\engine.tlog\cl.read.1.tlog
c:\users\user1\source\repos\tilemaprendererexperiments\engine\x64\debug\engine.tlog\cl.write.1.tlog
c:\users\user1\source\repos\tilemaprendererexperiments\engine\x64\debug\engine.tlog\link.command.1.tlog
c:\users\user1\source\repos\tilemaprendererexperiments\engine\x64\debug\engine.tlog\link.read.1.tlog
c:\users\user1\source\repos\tilemaprendererexperiments\engine\x64\debug\engine.tlog\link.write.1.tlog
c:\users\user1\source\repos\tilemaprendererexperiments\engine\x64\debug\engine.tlog\link.write.2u.tlog
