  MetaspriteTool.cpp
C:\Users\james.marshall\source\repos\TileMapRendererExperiments\TileMapRendererExperiments\AtlasLoader.h(66,33): warning C4267: 'return': conversion from 'size_t' to 'u32', possible loss of data
C:\Users\james.marshall\source\repos\TileMapRendererExperiments\TileMapRendererExperiments\MetaspriteTool.cpp(48,23): warning C4018: '<': signed/unsigned mismatch
  main.cpp
C:\Users\james.marshall\source\repos\TileMapRendererExperiments\TileMapRendererExperiments\AtlasLoader.h(66,33): warning C4267: 'return': conversion from 'size_t' to 'u32', possible loss of data
C:\Users\james.marshall\source\repos\TileMapRendererExperiments\TileMapRendererExperiments\EditorUi.h(14,13): warning C4099: 'flecs::world': type name first seen using 'struct' now seen using 'class'
C:\Users\james.marshall\source\repos\TileMapRendererExperiments\TileMapRendererExperiments\flecs.h(15218): message : see declaration of 'flecs::world'
C:\Users\james.marshall\source\repos\TileMapRendererExperiments\TileMapRendererExperiments\Shader.h(70,40): warning C4101: 'e': unreferenced local variable
C:\Users\james.marshall\source\repos\TileMapRendererExperiments\TileMapRendererExperiments\Shader.h(238,1): warning C4267: 'argument': conversion from 'size_t' to 'GLsizei', possible loss of data
C:\Users\james.marshall\source\repos\TileMapRendererExperiments\TileMapRendererExperiments\Shader.h(240,1): warning C4267: 'argument': conversion from 'size_t' to 'GLsizei', possible loss of data
C:\Users\james.marshall\source\repos\TileMapRendererExperiments\TileMapRendererExperiments\main.cpp(88,15): warning C4244: 'argument': conversion from 'time_t' to 'unsigned int', possible loss of data
C:\Users\james.marshall\source\repos\TileMapRendererExperiments\TileMapRendererExperiments\main.cpp(437,13): warning C4244: '=': conversion from 'double' to 'float', possible loss of data
C:\Users\james.marshall\source\repos\TileMapRendererExperiments\TileMapRendererExperiments\main.cpp(438,13): warning C4244: '=': conversion from 'double' to 'float', possible loss of data
C:\Users\james.marshall\source\repos\TileMapRendererExperiments\TileMapRendererExperiments\main.cpp(450,30): warning C4244: '*=': conversion from 'double' to 'float', possible loss of data
     Creating library C:\Users\james.marshall\source\repos\TileMapRendererExperiments\x64\Release\TileMapRendererExperiments.lib and object C:\Users\james.marshall\source\repos\TileMapRendererExperiments\x64\Release\TileMapRendererExperiments.exp
  Generating code
  6 of 7376 functions (<0.1%) were compiled, the rest were copied from previous compilation.
    1 functions were new in current compilation
    142 functions had inline decision re-evaluated but remain unchanged
  Finished generating code
  TileMapRendererExperiments.vcxproj -> C:\Users\james.marshall\source\repos\TileMapRendererExperiments\x64\Release\TileMapRendererExperiments.exe
