  autofit.c
  ftbase.c
  ftbbox.c
  ftbdf.c
  ftbitmap.c
  ftcid.c
  ftfstype.c
  ftgasp.c
  ftglyph.c
  ftgxval.c
  ftinit.c
  ftmm.c
  ftotval.c
  ftpatent.c
  ftpfr.c
  ftstroke.c
  ftsynth.c
  fttype1.c
  ftwinfnt.c
  bdf.c
  ftcache.c
  cff.c
  type1cid.c
  dlgwrap.c
  ftgzip.c
  ftlzw.c
  pcf.c
  pfr.c
  psaux.c
  pshinter.c
  psmodule.c
  raster.c
  sfnt.c
  smooth.c
  sdf.c
C:\Users\User1\source\repos\TileMapRendererExperiments\ft2133\freetype-2.13.3\src\sfnt\sfdriver.c(1036,36): warning C4244: 'function': conversion from '__int64' to 'const unsigned int', possible loss of data (compiling source file ..\..\..\src\sfnt\sfnt.c)
  svg.c
  truetype.c
C:\Users\User1\source\repos\TileMapRendererExperiments\ft2133\freetype-2.13.3\src\sfnt\ttcolr.c(731): warning C4706: assignment within conditional expression
C:\Users\User1\source\repos\TileMapRendererExperiments\ft2133\freetype-2.13.3\src\sfnt\ttcolr.c(779): warning C4706: assignment within conditional expression
C:\Users\User1\source\repos\TileMapRendererExperiments\ft2133\freetype-2.13.3\src\sfnt\ttcolr.c(841): warning C4706: assignment within conditional expression
  type1.c
  type42.c
  winfnt.c
C:\Users\User1\source\repos\TileMapRendererExperiments\ft2133\freetype-2.13.3\src\type42\t42parse.c(878,62): warning C4244: '=': conversion from '__int64' to 'FT_Int', possible loss of data (compiling source file ..\..\..\src\type42\type42.c)
C:\Users\User1\source\repos\TileMapRendererExperiments\ft2133\freetype-2.13.3\src\type1\t1load.c(1780,64): warning C4244: '=': conversion from '__int64' to 'FT_Int', possible loss of data (compiling source file ..\..\..\src\type1\type1.c)
C:\Users\User1\source\repos\TileMapRendererExperiments\ft2133\freetype-2.13.3\src\type1\t1load.c(1953,36): warning C4244: '=': conversion from '__int64' to 'FT_Int', possible loss of data (compiling source file ..\..\..\src\type1\type1.c)
  ftdebug.c
  ftsystem.c
     Creating library ..\..\..\objs\x64\Debug\freetype.lib and object ..\..\..\objs\x64\Debug\freetype.exp
  freetype.vcxproj -> C:\Users\User1\source\repos\TileMapRendererExperiments\ft2133\freetype-2.13.3\objs\x64\Debug\freetype.dll
