c:\users\user1\source\repos\tilemaprendererexperiments\engine\x64\release\vc143.pdb
c:\users\user1\source\repos\tilemaprendererexperiments\engine\x64\release\sharedptr.obj
c:\users\user1\source\repos\tilemaprendererexperiments\engine\x64\release\scripting.obj
c:\users\user1\source\repos\tilemaprendererexperiments\engine\x64\release\rootwidget.obj
c:\users\user1\source\repos\tilemaprendererexperiments\engine\x64\release\radiogroupwidget.obj
c:\users\user1\source\repos\tilemaprendererexperiments\engine\x64\release\radiobuttonwidget.obj
c:\users\user1\source\repos\tilemaprendererexperiments\engine\x64\release\objectpool.obj
c:\users\user1\source\repos\tilemaprendererexperiments\engine\x64\release\main.obj
c:\users\user1\source\repos\tilemaprendererexperiments\engine\x64\release\inputcontext.obj
c:\users\user1\source\repos\tilemaprendererexperiments\engine\x64\release\imagefileregstry.obj
c:\users\user1\source\repos\tilemaprendererexperiments\engine\x64\release\glad.obj
c:\users\user1\source\repos\tilemaprendererexperiments\engine\x64\release\geometry.obj
c:\users\user1\source\repos\tilemaprendererexperiments\engine\x64\release\gameframework.obj
c:\users\user1\source\repos\tilemaprendererexperiments\engine\x64\release\floatingpointlib.obj
c:\users\user1\source\repos\tilemaprendererexperiments\engine\x64\release\filehelpers.obj
c:\users\user1\source\repos\tilemaprendererexperiments\engine\x64\release\dynarray.obj
c:\users\user1\source\repos\tilemaprendererexperiments\engine\x64\release\drawcontext.obj
c:\users\user1\source\repos\tilemaprendererexperiments\engine\x64\release\ctordtor.obj
c:\users\user1\source\repos\tilemaprendererexperiments\engine\x64\release\cjson.obj
c:\users\user1\source\repos\tilemaprendererexperiments\engine\x64\release\backgroundboxwidget.obj
c:\users\user1\source\repos\tilemaprendererexperiments\engine\x64\release\atlas.obj
c:\users\user1\source\repos\tilemaprendererexperiments\engine\x64\release\xml.obj
c:\users\user1\source\repos\tilemaprendererexperiments\engine\x64\release\xmluigamelayer.obj
c:\users\user1\source\repos\tilemaprendererexperiments\engine\x64\release\xmlhelpers.obj
c:\users\user1\source\repos\tilemaprendererexperiments\engine\x64\release\widgetvertexoutputhelpers.obj
c:\users\user1\source\repos\tilemaprendererexperiments\engine\x64\release\widget.obj
c:\users\user1\source\repos\tilemaprendererexperiments\engine\x64\release\textwidget.obj
c:\users\user1\source\repos\tilemaprendererexperiments\engine\x64\release\textbuttonwidget.obj
c:\users\user1\source\repos\tilemaprendererexperiments\engine\x64\release\staticwidget.obj
c:\users\user1\source\repos\tilemaprendererexperiments\engine\x64\release\stackpanelwidget.obj
c:\users\user1\source\repos\tilemaprendererexperiments\engine\x64\release\sliderwidget.obj
c:\users\user1\source\repos\tilemaprendererexperiments\engine\x64\release\canvaswidget.obj
c:\users\user1\source\repos\tilemaprendererexperiments\x64\release\engine.lib
c:\users\user1\source\repos\tilemaprendererexperiments\x64\release\engine.exp
c:\users\user1\source\repos\tilemaprendererexperiments\x64\release\engine.exe
c:\users\user1\source\repos\tilemaprendererexperiments\engine\x64\release\engine.ipdb
c:\users\user1\source\repos\tilemaprendererexperiments\x64\release\engine.pdb
c:\users\user1\source\repos\tilemaprendererexperiments\engine\x64\release\engine.iobj
c:\users\user1\source\repos\tilemaprendererexperiments\engine\x64\release\engine.tlog\cl.command.1.tlog
c:\users\user1\source\repos\tilemaprendererexperiments\engine\x64\release\engine.tlog\cl.read.1.tlog
c:\users\user1\source\repos\tilemaprendererexperiments\engine\x64\release\engine.tlog\cl.write.1.tlog
c:\users\user1\source\repos\tilemaprendererexperiments\engine\x64\release\engine.tlog\link.command.1.tlog
c:\users\user1\source\repos\tilemaprendererexperiments\engine\x64\release\engine.tlog\link.read.1.tlog
c:\users\user1\source\repos\tilemaprendererexperiments\engine\x64\release\engine.tlog\link.write.1.tlog
c:\users\user1\source\repos\tilemaprendererexperiments\engine\x64\release\engine.tlog\link.write.2u.tlog
